[ERROR] file:///Users/terryli/eon/exness-data-preprocess/Users/terryli/eon/exness-data-preprocess/docs/MODULE_ARCHITECTURE.md | Cannot find file: File not found. Check if file exists and path is correct
[ERROR] file:///Users/terryli/eon/exness-data-preprocess/Users/terryli/eon/exness-data-preprocess/docs/DATABASE_SCHEMA.md | Cannot find file: File not found. Check if file exists and path is correct
[ERROR] file:///Users/terryli/eon/exness-data-preprocess/Users/terryli/eon/exness-data-preprocess/tests/PYDANTIC_TEST_STRATEGY.md | Cannot find file: File not found. Check if file exists and path is correct
[ERROR] file:///Users/terryli/eon/exness-data-preprocess/tmp/exness-duckdb-test/test_real_unified.py | Cannot find file: File not found. Check if file exists and path is correct
[ERROR] file:///Users/terryli/eon/exness-data-preprocess/tmp/exness-duckdb-test/FINDINGS.md | Cannot find file: File not found. Check if file exists and path is correct
[ERROR] file:///Users/terryli/eon/exness-data-preprocess/tmp/exness-duckdb-test/FINDINGS.md | Cannot find file: File not found. Check if file exists and path is correct
[ERROR] file:///Users/terryli/eon/exness-data-preprocess/tmp/exness-duckdb-test/EXNESS_VARIANTS.md | Cannot find file: File not found. Check if file exists and path is correct
[ERROR] file:///Users/terryli/eon/exness-data-preprocess/tmp/exness-duckdb-test/FINDINGS.md | Cannot find file: File not found. Check if file exists and path is correct
[ERROR] file:///Users/terryli/eon/exness-data-preprocess/tmp/exness-duckdb-test/download_exness_variants.sh | Cannot find file: File not found. Check if file exists and path is correct
[ERROR] file:///Users/terryli/eon/exness-data-preprocess/tmp/exness-duckdb-test/test_real_unified.py | Cannot find file: File not found. Check if file exists and path is correct
# Summary

| Status         | Count |
|----------------|-------|
| üîç Total       | 214   |
| ‚úÖ Successful  | 111   |
| ‚è≥ Timeouts    | 0     |
| üîÄ Redirected  | 0     |
| üëª Excluded    | 93    |
| ‚ùì Unknown     | 0     |
| üö´ Errors      | 10    |
| ‚õî Unsupported | 0     |

## Errors per input

### Errors in /Users/terryli/eon/exness-data-preprocess/docs/archive/PYDANTIC_REFACTORING_STATUS_v0.2.0_COMPLETE.md

* [ERROR] <file:///Users/terryli/eon/exness-data-preprocess/Users/terryli/eon/exness-data-preprocess/tests/PYDANTIC_TEST_STRATEGY.md> | Cannot find file: File not found. Check if file exists and path is correct

### Errors in /Users/terryli/eon/exness-data-preprocess/docs/archive/UNIFIED_DUCKDB_PLAN_v1.0.0_LEGACY.md

* [ERROR] <file:///Users/terryli/eon/exness-data-preprocess/tmp/exness-duckdb-test/FINDINGS.md> | Cannot find file: File not found. Check if file exists and path is correct
* [ERROR] <file:///Users/terryli/eon/exness-data-preprocess/tmp/exness-duckdb-test/test_real_unified.py> | Cannot find file: File not found. Check if file exists and path is correct

### Errors in /Users/terryli/eon/exness-data-preprocess/docs/EXNESS_DATA_SOURCES.md

* [ERROR] <file:///Users/terryli/eon/exness-data-preprocess/tmp/exness-duckdb-test/download_exness_variants.sh> | Cannot find file: File not found. Check if file exists and path is correct
* [ERROR] <file:///Users/terryli/eon/exness-data-preprocess/tmp/exness-duckdb-test/EXNESS_VARIANTS.md> | Cannot find file: File not found. Check if file exists and path is correct
* [ERROR] <file:///Users/terryli/eon/exness-data-preprocess/tmp/exness-duckdb-test/FINDINGS.md> | Cannot find file: File not found. Check if file exists and path is correct
* [ERROR] <file:///Users/terryli/eon/exness-data-preprocess/tmp/exness-duckdb-test/test_real_unified.py> | Cannot find file: File not found. Check if file exists and path is correct

### Errors in /Users/terryli/eon/exness-data-preprocess/docs/research/HYBRID_SESSION_DETECTION_ANALYSIS.md

* [ERROR] <file:///Users/terryli/eon/exness-data-preprocess/Users/terryli/eon/exness-data-preprocess/docs/DATABASE_SCHEMA.md> | Cannot find file: File not found. Check if file exists and path is correct
* [ERROR] <file:///Users/terryli/eon/exness-data-preprocess/Users/terryli/eon/exness-data-preprocess/docs/MODULE_ARCHITECTURE.md> | Cannot find file: File not found. Check if file exists and path is correct

### Errors in /Users/terryli/eon/exness-data-preprocess/docs/UNIFIED_DUCKDB_PLAN_v2.md

* [ERROR] <file:///Users/terryli/eon/exness-data-preprocess/tmp/exness-duckdb-test/FINDINGS.md> | Cannot find file: File not found. Check if file exists and path is correct

